<?xml version="1.0" encoding="UTF-8"?>
<!-- Generated by org.testng.reporters.JUnitReportReporter -->
<testsuite hostname="DST57462" name="Selenium.Test2.SeleniumTest2.F2" tests="1" failures="0" timestamp="25 Nov 2015 03:09:50 GMT" time="19.448" errors="0">
  <testcase name="testUntitled2" time="19.448" classname="Selenium.Test2.SeleniumTest2.F2"/>
</testsuite>
